f:\codes\youdaodemo\selfshop\selfshop\x64\debug\vc142.pdb
f:\codes\youdaodemo\selfshop\selfshop\x64\debug\vc142.idb
f:\codes\youdaodemo\selfshop\selfshop\x64\debug\toy.obj
f:\codes\youdaodemo\selfshop\selfshop\x64\debug\shelf.obj
f:\codes\youdaodemo\selfshop\selfshop\x64\debug\main.obj
f:\codes\youdaodemo\selfshop\selfshop\x64\debug\item.obj
f:\codes\youdaodemo\selfshop\selfshop\x64\debug\food.obj
f:\codes\youdaodemo\selfshop\selfshop\x64\debug\daily.obj
f:\codes\youdaodemo\selfshop\selfshop\x64\debug\cart.obj
f:\codes\youdaodemo\selfshop\x64\debug\selfshop.pdb
f:\codes\youdaodemo\selfshop\selfshop\x64\debug\selfshop.tlog\cl.command.1.tlog
f:\codes\youdaodemo\selfshop\selfshop\x64\debug\selfshop.tlog\cl.read.1.tlog
f:\codes\youdaodemo\selfshop\selfshop\x64\debug\selfshop.tlog\cl.write.1.tlog
f:\codes\youdaodemo\selfshop\selfshop\x64\debug\selfshop.tlog\link-cvtres.read.1.tlog
f:\codes\youdaodemo\selfshop\selfshop\x64\debug\selfshop.tlog\link-cvtres.write.1.tlog
f:\codes\youdaodemo\selfshop\selfshop\x64\debug\selfshop.tlog\link-rc.read.1.tlog
f:\codes\youdaodemo\selfshop\selfshop\x64\debug\selfshop.tlog\link-rc.write.1.tlog
f:\codes\youdaodemo\selfshop\selfshop\x64\debug\selfshop.tlog\link.command.1.tlog
f:\codes\youdaodemo\selfshop\selfshop\x64\debug\selfshop.tlog\link.read.1.tlog
f:\codes\youdaodemo\selfshop\selfshop\x64\debug\selfshop.tlog\link.write.1.tlog
